\BOOKMARK [0][-]{toc.0}{\376\377\166\356\000\040\137\125}{}% 1
\BOOKMARK [0][-]{chapter*.2}{\376\377\144\130\000\040\211\201}{}% 2
\BOOKMARK [0][-]{chapter*.3}{\376\377\000A\000b\000s\000t\000r\000a\000c\000t}{}% 3
\BOOKMARK [0][-]{chapter.1}{\376\377\173\054\0001\172\340\000\040\176\352\213\272}{}% 4
\BOOKMARK [1][-]{section.1.1}{\376\377\0001\000.\0001\000\040\170\024\172\166\200\314\146\157}{chapter.1}% 5
\BOOKMARK [1][-]{section.1.2}{\376\377\0001\000.\0002\000\040\147\054\145\207\170\024\172\166\121\205\133\271\116\016\122\033\145\260}{chapter.1}% 6
\BOOKMARK [1][-]{section.1.3}{\376\377\0001\000.\0003\000\040\213\272\145\207\176\323\147\204}{chapter.1}% 7
\BOOKMARK [0][-]{chapter.2}{\376\377\173\054\0002\172\340\000\040\166\370\121\163\135\345\117\134}{}% 8
\BOOKMARK [1][-]{section.2.1}{\376\377\0002\000.\0001\000\040\213\373\201\070\142\200\147\057\166\204\136\224\165\050}{chapter.2}% 9
\BOOKMARK [2][-]{subsection.2.1.1}{\376\377\0002\000.\0001\000.\0001\000\040\133\211\226\062\116\016\147\103\226\120\143\247\122\066}{section.2.1}% 10
\BOOKMARK [2][-]{subsection.2.1.2}{\376\377\0002\000.\0001\000.\0002\000\040\123\073\165\227\120\145\136\267}{section.2.1}% 11
\BOOKMARK [2][-]{subsection.2.1.3}{\376\377\0002\000.\0001\000.\0003\000\040\125\106\116\032\123\026}{section.2.1}% 12
\BOOKMARK [2][-]{subsection.2.1.4}{\376\377\0002\000.\0001\000.\0004\000\040\145\345\136\070\127\072\146\157}{section.2.1}% 13
\BOOKMARK [1][-]{section.2.2}{\376\377\0002\000.\0002\000\040\145\345\136\070\120\145\136\267\127\072\146\157\166\204\116\244\116\222\170\024\172\166}{chapter.2}% 14
\BOOKMARK [2][-]{subsection.2.2.1}{\376\377\0002\000.\0002\000.\0001\000\040\141\142\140\047\165\276\165\305\173\241\164\006}{section.2.2}% 15
\BOOKMARK [2][-]{subsection.2.2.2}{\376\377\0002\000.\0002\000.\0002\000\040\120\145\136\267\210\114\116\072\137\025\133\374}{section.2.2}% 16
\BOOKMARK [1][-]{section.2.3}{\376\377\0002\000.\0003\000\040\147\054\172\340\134\017\176\323}{chapter.2}% 17
\BOOKMARK [0][-]{chapter.3}{\376\377\173\054\0003\172\340\000\040\165\050\142\067\214\003\170\024}{}% 18
\BOOKMARK [1][-]{section.3.1}{\376\377\0003\000.\0001\000\040\142\200\147\057\143\242\224\210}{chapter.3}% 19
\BOOKMARK [1][-]{section.3.2}{\376\377\0003\000.\0002\000\040\133\232\140\047\133\236\232\214}{chapter.3}% 20
\BOOKMARK [2][-]{subsection.3.2.1}{\376\377\0003\000.\0002\000.\0001\000\040\133\236\232\214\217\307\172\013}{section.3.2}% 21
\BOOKMARK [2][-]{subsection.3.2.2}{\376\377\0003\000.\0002\000.\0002\000\040\145\160\143\156\122\006\147\220\217\307\172\013}{section.3.2}% 22
\BOOKMARK [1][-]{section.3.3}{\376\377\0003\000.\0003\000\040\170\024\172\166\123\321\163\260}{chapter.3}% 23
\BOOKMARK [2][-]{subsection.3.3.1}{\376\377\0003\000.\0003\000.\0001\000\040\157\134\127\050\166\204\117\177\165\050\127\072\146\157}{section.3.3}% 24
\BOOKMARK [2][-]{subsection.3.3.2}{\376\377\0003\000.\0003\000.\0002\000\040\201\352\220\002\136\224\140\047}{section.3.3}% 25
\BOOKMARK [2][-]{subsection.3.3.3}{\376\377\0003\000.\0003\000.\0003\000\040\133\236\165\050\140\047}{section.3.3}% 26
\BOOKMARK [2][-]{subsection.3.3.4}{\376\377\0003\000.\0003\000.\0004\000\040\145\117\141\037\140\047}{section.3.3}% 27
\BOOKMARK [2][-]{subsection.3.3.5}{\376\377\0003\000.\0003\000.\0005\000\040\117\341\215\126\116\016\140\305\176\352\166\204\225\356\230\230}{section.3.3}% 28
\BOOKMARK [1][-]{section.3.4}{\376\377\0003\000.\0004\000\040\213\276\213\241\145\271\150\110}{chapter.3}% 29
\BOOKMARK [2][-]{subsection.3.4.1}{\376\377\0003\000.\0004\000.\0001\000\040\130\236\122\240\123\357\123\330\140\047}{section.3.4}% 30
\BOOKMARK [2][-]{subsection.3.4.2}{\376\377\0003\000.\0004\000.\0002\000\040\174\373\176\337\220\017\146\016\140\047}{section.3.4}% 31
\BOOKMARK [2][-]{subsection.3.4.3}{\376\377\0003\000.\0004\000.\0003\000\040\145\345\136\070\123\357\165\050\140\047}{section.3.4}% 32
\BOOKMARK [1][-]{section.3.5}{\376\377\0003\000.\0005\000\040\147\054\172\340\134\017\176\323}{chapter.3}% 33
\BOOKMARK [0][-]{chapter.4}{\376\377\173\054\0004\172\340\000\040\133\236\232\214\136\163\123\360\213\276\213\241\116\016\137\000\123\321}{}% 34
\BOOKMARK [1][-]{section.4.1}{\376\377\0004\000.\0001\000\040\127\372\116\216\142\200\147\057\143\242\224\210\166\204\133\236\232\214\136\163\123\360\213\276\213\241}{chapter.4}% 35
\BOOKMARK [2][-]{subsection.4.1.1}{\376\377\0004\000.\0001\000.\0001\000\040\213\276\213\241\164\006\137\365}{section.4.1}% 36
\BOOKMARK [2][-]{subsection.4.1.2}{\376\377\0004\000.\0001\000.\0002\000\040\145\271\150\110\153\324\217\203}{section.4.1}% 37
\BOOKMARK [2][-]{subsection.4.1.3}{\376\377\0004\000.\0001\000.\0003\000\040\174\373\176\337\173\200\116\313}{section.4.1}% 38
\BOOKMARK [1][-]{section.4.2}{\376\377\0004\000.\0002\000\040\152\041\127\213\154\140}{chapter.4}% 39
\BOOKMARK [2][-]{subsection.4.2.1}{\376\377\0004\000.\0002\000.\0001\000\040\152\041\127\213\147\015\122\241\123\026}{section.4.2}% 40
\BOOKMARK [2][-]{subsection.4.2.2}{\376\377\0004\000.\0002\000.\0002\000\040\201\070\220\350\162\171\137\201\143\320\123\326\152\041\127\213}{section.4.2}% 41
\BOOKMARK [2][-]{subsection.4.2.3}{\376\377\0004\000.\0002\000.\0003\000\040\202\014\220\350\162\171\137\201\143\320\123\326\152\041\127\213}{section.4.2}% 42
\BOOKMARK [2][-]{subsection.4.2.4}{\376\377\0004\000.\0002\000.\0004\000\040\213\312\145\255\152\041\127\213}{section.4.2}% 43
\BOOKMARK [1][-]{section.4.3}{\376\377\0004\000.\0003\000\040\147\015\122\241\172\357}{chapter.4}% 44
\BOOKMARK [2][-]{subsection.4.3.1}{\376\377\0004\000.\0003\000.\0001\000\040\165\050\142\067\144\315\117\134\213\260\137\125\173\241\164\006}{section.4.3}% 45
\BOOKMARK [2][-]{subsection.4.3.2}{\376\377\0004\000.\0003\000.\0002\000\040\173\054\116\011\145\271\225\356\123\167\121\163\200\124}{section.4.3}% 46
\BOOKMARK [2][-]{subsection.4.3.3}{\376\377\0004\000.\0003\000.\0003\000\040\116\373\122\241\131\004\164\006}{section.4.3}% 47
\BOOKMARK [2][-]{subsection.4.3.4}{\376\377\0004\000.\0003\000.\0004\000\040\116\373\122\241\122\006\221\115}{section.4.3}% 48
\BOOKMARK [1][-]{section.4.4}{\376\377\0004\000.\0004\000\040\147\054\172\340\134\017\176\323}{chapter.4}% 49
\BOOKMARK [0][-]{chapter.5}{\376\377\173\054\0005\172\340\000\040\213\276\213\241\145\271\150\110\232\214\213\301\133\236\232\214}{}% 50
\BOOKMARK [1][-]{section.5.1}{\376\377\0005\000.\0001\000\040\133\236\232\214\123\237\127\213\220\032\165\050\122\237\200\375\133\236\163\260}{chapter.5}% 51
\BOOKMARK [2][-]{subsection.5.1.1}{\376\377\0005\000.\0001\000.\0001\000\040\137\000\123\321\150\106\147\266}{section.5.1}% 52
\BOOKMARK [2][-]{subsection.5.1.2}{\376\377\0005\000.\0001\000.\0002\000\040\133\236\163\260\217\307\172\013}{section.5.1}% 53
\BOOKMARK [1][-]{section.5.2}{\376\377\0005\000.\0002\000\040\133\236\232\214\0001\377\032\145\345\136\070\123\357\165\050\140\047\232\214\213\301}{chapter.5}% 54
\BOOKMARK [2][-]{subsection.5.2.1}{\376\377\0005\000.\0002\000.\0001\000\040\133\236\232\214\213\276\213\241}{section.5.2}% 55
\BOOKMARK [2][-]{subsection.5.2.2}{\376\377\0005\000.\0002\000.\0002\000\040\123\237\127\213\174\373\176\337\133\236\163\260}{section.5.2}% 56
\BOOKMARK [2][-]{subsection.5.2.3}{\376\377\0005\000.\0002\000.\0003\000\040\133\236\232\214\217\307\172\013}{section.5.2}% 57
\BOOKMARK [2][-]{subsection.5.2.4}{\376\377\0005\000.\0002\000.\0004\000\040\133\236\232\214\176\323\147\234}{section.5.2}% 58
\BOOKMARK [1][-]{section.5.3}{\376\377\0005\000.\0003\000\040\133\236\232\214\0002\377\032\174\373\176\337\220\017\146\016\140\047\232\214\213\301}{chapter.5}% 59
\BOOKMARK [2][-]{subsection.5.3.1}{\376\377\0005\000.\0003\000.\0001\000\040\123\357\211\343\221\312\166\204\123\237\127\213\133\236\163\260}{section.5.3}% 60
\BOOKMARK [2][-]{subsection.5.3.2}{\376\377\0005\000.\0003\000.\0002\000\040\133\236\232\214\213\276\213\241}{section.5.3}% 61
\BOOKMARK [2][-]{subsection.5.3.3}{\376\377\0005\000.\0003\000.\0003\000\040\133\236\232\214\145\160\143\156}{section.5.3}% 62
\BOOKMARK [2][-]{subsection.5.3.4}{\376\377\0005\000.\0003\000.\0004\000\040\145\345\137\327\122\006\147\220\176\323\147\234}{section.5.3}% 63
\BOOKMARK [2][-]{subsection.5.3.5}{\376\377\0005\000.\0003\000.\0005\000\040\226\104\122\240\133\236\232\214\377\032\176\323\147\204\140\047\213\277\214\010}{section.5.3}% 64
\BOOKMARK [1][-]{section.5.4}{\376\377\0005\000.\0004\000\040\147\054\172\340\134\017\176\323}{chapter.5}% 65
\BOOKMARK [0][-]{chapter.6}{\376\377\173\054\0006\172\340\000\040\140\073\176\323\116\016\134\125\147\033}{}% 66
\BOOKMARK [1][-]{section.6.1}{\376\377\0006\000.\0001\000\040\140\073\176\323}{chapter.6}% 67
\BOOKMARK [1][-]{section.6.2}{\376\377\0006\000.\0002\000\040\134\125\147\033}{chapter.6}% 68
\BOOKMARK [0][-]{chapter*.73}{\376\377\123\302\200\003\145\207\163\056}{}% 69
\BOOKMARK [0][-]{chapter*.74}{\376\377\201\364\214\042}{}% 70
